{"level":"info","message":"Listening on port: 3000","timestamp":"2018-10-02T14:07:00.284Z"}
{"level":"info","message":"Connected to vidly database successfully","timestamp":"2018-10-02T14:07:01.391Z"}
{"message":"failed to reconnect after 30 attempts with interval 1000 ms","name":"MongoNetworkError","stack":"MongoNetworkError: failed to reconnect after 30 attempts with interval 1000 ms\n    at Connection.<anonymous> (E:\\BegASPNET\\npm-demo\\vidly\\node_modules\\mongodb-core\\lib\\connection\\pool.js:373:13)\n    at emitTwo (events.js:126:13)\n    at Connection.emit (events.js:214:7)\n    at Socket.<anonymous> (E:\\BegASPNET\\npm-demo\\vidly\\node_modules\\mongodb-core\\lib\\connection\\connection.js:245:50)\n    at Object.onceWrapper (events.js:315:30)\n    at emitOne (events.js:116:13)\n    at Socket.emit (events.js:211:7)\n    at emitErrorNT (internal/streams/destroy.js:64:8)\n    at _combinedTickCallback (internal/process/next_tick.js:138:11)\n    at process._tickCallback (internal/process/next_tick.js:180:9)","level":"error","timestamp":"2018-10-02T14:09:17.113Z"}
{"level":"info","message":"Listening on port: 3000","timestamp":"2018-10-03T16:11:07.419Z"}
{"level":"info","message":"Listening on port: 3000","timestamp":"2018-10-03T16:12:14.655Z"}
{"level":"info","message":"Connected to mongodb://localhost/vidly database successfully","timestamp":"2018-10-03T16:12:15.887Z"}
{"level":"info","message":"Listening on port: 3000","timestamp":"2018-10-03T16:13:54.997Z"}
{"level":"info","message":"Connected to mongodb://localhost/vidly database successfully","timestamp":"2018-10-03T16:13:56.139Z"}
{"level":"info","message":"Listening on port: 3000","timestamp":"2018-10-03T16:14:24.876Z"}
{"level":"info","message":"Connected to mongodb://localhost/vidly database successfully","timestamp":"2018-10-03T16:14:26.053Z"}
{"level":"info","message":"Listening on port: 3000","timestamp":"2018-10-03T16:15:39.604Z"}
{"level":"info","message":"Connected to mongodb://localhost/vidly_tests database successfully","timestamp":"2018-10-03T16:15:40.739Z"}
{"level":"info","message":"Listening on port: 3000","timestamp":"2018-10-03T17:55:20.620Z"}
{"level":"info","message":"Connected to mongodb://localhost/vidly_tests database successfully","timestamp":"2018-10-03T17:55:21.760Z"}
{"level":"info","message":"Listening on port: 3000","timestamp":"2018-10-03T17:56:23.818Z"}
{"level":"info","message":"Connected to mongodb://localhost/vidly_tests database successfully","timestamp":"2018-10-03T17:56:24.964Z"}
{"level":"info","message":"Listening on port: 3000","timestamp":"2018-10-04T03:14:18.177Z"}
{"level":"info","message":"Connected to mongodb://localhost/vidly_tests database successfully","timestamp":"2018-10-04T03:14:20.655Z"}
{"level":"info","message":"Listening on port: 3000","timestamp":"2018-10-04T03:17:31.258Z"}
{"level":"info","message":"Connected to mongodb://localhost/vidly_tests database successfully","timestamp":"2018-10-04T03:17:32.822Z"}
{"level":"info","message":"Listening on port: 3000","timestamp":"2018-10-04T03:27:48.131Z"}
{"level":"info","message":"Connected to mongodb://localhost/vidly_tests database successfully","timestamp":"2018-10-04T03:27:49.322Z"}
{"level":"info","message":"Listening on port: 3000","timestamp":"2018-10-04T11:31:41.156Z"}
{"level":"info","message":"Connected to mongodb://localhost/vidly_tests database successfully","timestamp":"2018-10-04T11:31:42.338Z"}
{"level":"info","message":"Listening on port: 3000","timestamp":"2018-10-04T11:33:38.144Z"}
{"level":"info","message":"Connected to mongodb://localhost/vidly_tests database successfully","timestamp":"2018-10-04T11:33:39.361Z"}
{"level":"info","message":"Listening on port: 3000","timestamp":"2018-10-04T11:37:36.330Z"}
{"level":"info","message":"Connected to mongodb://localhost/vidly_tests database successfully","timestamp":"2018-10-04T11:37:37.495Z"}
{"level":"info","message":"Listening on port: 3000","timestamp":"2018-10-04T11:39:05.017Z"}
{"level":"info","message":"Connected to mongodb://localhost/vidly_tests database successfully","timestamp":"2018-10-04T11:39:06.191Z"}
{"level":"info","message":"Listening on port: 3000","timestamp":"2018-10-04T12:58:38.187Z"}
{"level":"info","message":"Connected to mongodb://localhost/vidly_tests database successfully","timestamp":"2018-10-04T12:58:39.378Z"}
{"message":"Cast to ObjectId failed for value \"1\" at path \"_id\" for model \"Genre\"","stack":"CastError: Cast to ObjectId failed for value \"1\" at path \"_id\" for model \"Genre\"\n    at new CastError (E:\\BegASPNET\\npm-demo\\vidly\\node_modules\\mongoose\\lib\\error\\cast.js:27:11)\n    at ObjectId.Object.<anonymous>.ObjectId.cast (E:\\BegASPNET\\npm-demo\\vidly\\node_modules\\mongoose\\lib\\schema\\objectid.js:158:13)\n    at ObjectId.Object.<anonymous>.SchemaType.applySetters (E:\\BegASPNET\\npm-demo\\vidly\\node_modules\\mongoose\\lib\\schematype.js:701:12)\n    at ObjectId.Object.<anonymous>.SchemaType._castForQuery (E:\\BegASPNET\\npm-demo\\vidly\\node_modules\\mongoose\\lib\\schematype.js:1072:15)\n    at ObjectId.Object.<anonymous>.ObjectId.castForQuery (E:\\BegASPNET\\npm-demo\\vidly\\node_modules\\mongoose\\lib\\schema\\objectid.js:198:15)\n    at ObjectId.Object.<anonymous>.SchemaType.castForQueryWrapper (E:\\BegASPNET\\npm-demo\\vidly\\node_modules\\mongoose\\lib\\schematype.js:1041:15)\n    at cast (E:\\BegASPNET\\npm-demo\\vidly\\node_modules\\mongoose\\lib\\cast.js:269:32)\n    at model.Query.Object.<anonymous>.Query.cast (E:\\BegASPNET\\npm-demo\\vidly\\node_modules\\mongoose\\lib\\query.js:3130:12)\n    at model.Query.Object.<anonymous>.Query._castConditions (E:\\BegASPNET\\npm-demo\\vidly\\node_modules\\mongoose\\lib\\query.js:1266:10)\n    at model.Query.Object.<anonymous>.Query._findOne (E:\\BegASPNET\\npm-demo\\vidly\\node_modules\\mongoose\\lib\\query.js:1482:8)\n    at E:\\BegASPNET\\npm-demo\\vidly\\node_modules\\kareem\\index.js:276:8\n    at E:\\BegASPNET\\npm-demo\\vidly\\node_modules\\kareem\\index.js:23:7\n    at _combinedTickCallback (internal/process/next_tick.js:131:7)\n    at process._tickCallback (internal/process/next_tick.js:180:9)","name":"CastError","stringValue":"\"1\"","kind":"ObjectId","value":"1","path":"_id","level":"error","timestamp":"2018-10-04T12:58:40.910Z"}
{"level":"info","message":"Listening on port: 3000","timestamp":"2018-10-04T13:09:14.104Z"}
{"level":"info","message":"Connected to mongodb://localhost/vidly_tests database successfully","timestamp":"2018-10-04T13:09:15.450Z"}
{"message":"Cast to ObjectId failed for value \"1\" at path \"_id\" for model \"Genre\"","stack":"CastError: Cast to ObjectId failed for value \"1\" at path \"_id\" for model \"Genre\"\n    at new CastError (E:\\BegASPNET\\npm-demo\\vidly\\node_modules\\mongoose\\lib\\error\\cast.js:27:11)\n    at ObjectId.Object.<anonymous>.ObjectId.cast (E:\\BegASPNET\\npm-demo\\vidly\\node_modules\\mongoose\\lib\\schema\\objectid.js:158:13)\n    at ObjectId.Object.<anonymous>.SchemaType.applySetters (E:\\BegASPNET\\npm-demo\\vidly\\node_modules\\mongoose\\lib\\schematype.js:701:12)\n    at ObjectId.Object.<anonymous>.SchemaType._castForQuery (E:\\BegASPNET\\npm-demo\\vidly\\node_modules\\mongoose\\lib\\schematype.js:1072:15)\n    at ObjectId.Object.<anonymous>.ObjectId.castForQuery (E:\\BegASPNET\\npm-demo\\vidly\\node_modules\\mongoose\\lib\\schema\\objectid.js:198:15)\n    at ObjectId.Object.<anonymous>.SchemaType.castForQueryWrapper (E:\\BegASPNET\\npm-demo\\vidly\\node_modules\\mongoose\\lib\\schematype.js:1041:15)\n    at cast (E:\\BegASPNET\\npm-demo\\vidly\\node_modules\\mongoose\\lib\\cast.js:269:32)\n    at model.Query.Object.<anonymous>.Query.cast (E:\\BegASPNET\\npm-demo\\vidly\\node_modules\\mongoose\\lib\\query.js:3130:12)\n    at model.Query.Object.<anonymous>.Query._castConditions (E:\\BegASPNET\\npm-demo\\vidly\\node_modules\\mongoose\\lib\\query.js:1266:10)\n    at model.Query.Object.<anonymous>.Query._findOne (E:\\BegASPNET\\npm-demo\\vidly\\node_modules\\mongoose\\lib\\query.js:1482:8)\n    at E:\\BegASPNET\\npm-demo\\vidly\\node_modules\\kareem\\index.js:276:8\n    at E:\\BegASPNET\\npm-demo\\vidly\\node_modules\\kareem\\index.js:23:7\n    at _combinedTickCallback (internal/process/next_tick.js:131:7)\n    at process._tickCallback (internal/process/next_tick.js:180:9)","name":"CastError","stringValue":"\"1\"","kind":"ObjectId","value":"1","path":"_id","level":"error","timestamp":"2018-10-04T13:09:17.002Z"}
{"level":"info","message":"Listening on port: 3000","timestamp":"2018-10-04T13:19:57.070Z"}
{"level":"info","message":"Connected to mongodb://localhost/vidly_tests database successfully","timestamp":"2018-10-04T13:19:58.231Z"}
{"message":"mongoose.Types.ObjectId(...).isValid is not a function","stack":"TypeError: mongoose.Types.ObjectId(...).isValid is not a function\n    at isValid (E:\\BegASPNET\\npm-demo\\vidly\\routes\\genres.js:44:36)\n    at newFn (E:\\BegASPNET\\npm-demo\\vidly\\node_modules\\express-async-errors\\index.js:25:20)\n    at Layer.handle [as handle_request] (E:\\BegASPNET\\npm-demo\\vidly\\node_modules\\express\\lib\\router\\layer.js:95:5)\n    at next (E:\\BegASPNET\\npm-demo\\vidly\\node_modules\\express\\lib\\router\\route.js:137:13)\n    at Route.dispatch (E:\\BegASPNET\\npm-demo\\vidly\\node_modules\\express\\lib\\router\\route.js:112:3)\n    at newFn (E:\\BegASPNET\\npm-demo\\vidly\\node_modules\\express-async-errors\\index.js:25:20)\n    at Layer.handle [as handle_request] (E:\\BegASPNET\\npm-demo\\vidly\\node_modules\\express\\lib\\router\\layer.js:95:5)\n    at E:\\BegASPNET\\npm-demo\\vidly\\node_modules\\express\\lib\\router\\index.js:281:22\n    at param (E:\\BegASPNET\\npm-demo\\vidly\\node_modules\\express\\lib\\router\\index.js:354:14)\n    at param (E:\\BegASPNET\\npm-demo\\vidly\\node_modules\\express\\lib\\router\\index.js:365:14)\n    at Function.process_params (E:\\BegASPNET\\npm-demo\\vidly\\node_modules\\express\\lib\\router\\index.js:410:3)\n    at next (E:\\BegASPNET\\npm-demo\\vidly\\node_modules\\express\\lib\\router\\index.js:275:10)\n    at Function.handle (E:\\BegASPNET\\npm-demo\\vidly\\node_modules\\express\\lib\\router\\index.js:174:3)\n    at router (E:\\BegASPNET\\npm-demo\\vidly\\node_modules\\express\\lib\\router\\index.js:47:12)\n    at newFn (E:\\BegASPNET\\npm-demo\\vidly\\node_modules\\express-async-errors\\index.js:25:20)\n    at Layer.handle [as handle_request] (E:\\BegASPNET\\npm-demo\\vidly\\node_modules\\express\\lib\\router\\layer.js:95:5)\n    at trim_prefix (E:\\BegASPNET\\npm-demo\\vidly\\node_modules\\express\\lib\\router\\index.js:317:13)\n    at E:\\BegASPNET\\npm-demo\\vidly\\node_modules\\express\\lib\\router\\index.js:284:7\n    at Function.process_params (E:\\BegASPNET\\npm-demo\\vidly\\node_modules\\express\\lib\\router\\index.js:335:12)\n    at next (E:\\BegASPNET\\npm-demo\\vidly\\node_modules\\express\\lib\\router\\index.js:275:10)\n    at jsonParser (E:\\BegASPNET\\npm-demo\\vidly\\node_modules\\body-parser\\lib\\types\\json.js:109:7)\n    at newFn (E:\\BegASPNET\\npm-demo\\vidly\\node_modules\\express-async-errors\\index.js:25:20)\n    at Layer.handle [as handle_request] (E:\\BegASPNET\\npm-demo\\vidly\\node_modules\\express\\lib\\router\\layer.js:95:5)\n    at trim_prefix (E:\\BegASPNET\\npm-demo\\vidly\\node_modules\\express\\lib\\router\\index.js:317:13)\n    at E:\\BegASPNET\\npm-demo\\vidly\\node_modules\\express\\lib\\router\\index.js:284:7\n    at Function.process_params (E:\\BegASPNET\\npm-demo\\vidly\\node_modules\\express\\lib\\router\\index.js:335:12)\n    at next (E:\\BegASPNET\\npm-demo\\vidly\\node_modules\\express\\lib\\router\\index.js:275:10)\n    at expressInit (E:\\BegASPNET\\npm-demo\\vidly\\node_modules\\express\\lib\\middleware\\init.js:40:5)\n    at newFn (E:\\BegASPNET\\npm-demo\\vidly\\node_modules\\express-async-errors\\index.js:25:20)\n    at Layer.handle [as handle_request] (E:\\BegASPNET\\npm-demo\\vidly\\node_modules\\express\\lib\\router\\layer.js:95:5)\n    at trim_prefix (E:\\BegASPNET\\npm-demo\\vidly\\node_modules\\express\\lib\\router\\index.js:317:13)\n    at E:\\BegASPNET\\npm-demo\\vidly\\node_modules\\express\\lib\\router\\index.js:284:7\n    at Function.process_params (E:\\BegASPNET\\npm-demo\\vidly\\node_modules\\express\\lib\\router\\index.js:335:12)\n    at next (E:\\BegASPNET\\npm-demo\\vidly\\node_modules\\express\\lib\\router\\index.js:275:10)\n    at query (E:\\BegASPNET\\npm-demo\\vidly\\node_modules\\express\\lib\\middleware\\query.js:45:5)\n    at newFn (E:\\BegASPNET\\npm-demo\\vidly\\node_modules\\express-async-errors\\index.js:25:20)\n    at Layer.handle [as handle_request] (E:\\BegASPNET\\npm-demo\\vidly\\node_modules\\express\\lib\\router\\layer.js:95:5)\n    at trim_prefix (E:\\BegASPNET\\npm-demo\\vidly\\node_modules\\express\\lib\\router\\index.js:317:13)\n    at E:\\BegASPNET\\npm-demo\\vidly\\node_modules\\express\\lib\\router\\index.js:284:7\n    at Function.process_params (E:\\BegASPNET\\npm-demo\\vidly\\node_modules\\express\\lib\\router\\index.js:335:12)\n    at next (E:\\BegASPNET\\npm-demo\\vidly\\node_modules\\express\\lib\\router\\index.js:275:10)\n    at Function.handle (E:\\BegASPNET\\npm-demo\\vidly\\node_modules\\express\\lib\\router\\index.js:174:3)\n    at Function.handle (E:\\BegASPNET\\npm-demo\\vidly\\node_modules\\express\\lib\\application.js:174:10)\n    at Server.app (E:\\BegASPNET\\npm-demo\\vidly\\node_modules\\express\\lib\\express.js:39:9)\n    at emitTwo (events.js:126:13)\n    at Server.emit (events.js:214:7)\n    at parserOnIncoming (_http_server.js:619:12)\n    at HTTPParser.parserOnHeadersComplete (_http_common.js:112:17)","level":"error","timestamp":"2018-10-04T13:20:00.012Z"}
{"message":"mongoose.Types.ObjectId(...).isValid is not a function","stack":"TypeError: mongoose.Types.ObjectId(...).isValid is not a function\n    at isValid (E:\\BegASPNET\\npm-demo\\vidly\\routes\\genres.js:44:36)\n    at newFn (E:\\BegASPNET\\npm-demo\\vidly\\node_modules\\express-async-errors\\index.js:25:20)\n    at Layer.handle [as handle_request] (E:\\BegASPNET\\npm-demo\\vidly\\node_modules\\express\\lib\\router\\layer.js:95:5)\n    at next (E:\\BegASPNET\\npm-demo\\vidly\\node_modules\\express\\lib\\router\\route.js:137:13)\n    at Route.dispatch (E:\\BegASPNET\\npm-demo\\vidly\\node_modules\\express\\lib\\router\\route.js:112:3)\n    at newFn (E:\\BegASPNET\\npm-demo\\vidly\\node_modules\\express-async-errors\\index.js:25:20)\n    at Layer.handle [as handle_request] (E:\\BegASPNET\\npm-demo\\vidly\\node_modules\\express\\lib\\router\\layer.js:95:5)\n    at E:\\BegASPNET\\npm-demo\\vidly\\node_modules\\express\\lib\\router\\index.js:281:22\n    at param (E:\\BegASPNET\\npm-demo\\vidly\\node_modules\\express\\lib\\router\\index.js:354:14)\n    at param (E:\\BegASPNET\\npm-demo\\vidly\\node_modules\\express\\lib\\router\\index.js:365:14)\n    at Function.process_params (E:\\BegASPNET\\npm-demo\\vidly\\node_modules\\express\\lib\\router\\index.js:410:3)\n    at next (E:\\BegASPNET\\npm-demo\\vidly\\node_modules\\express\\lib\\router\\index.js:275:10)\n    at Function.handle (E:\\BegASPNET\\npm-demo\\vidly\\node_modules\\express\\lib\\router\\index.js:174:3)\n    at router (E:\\BegASPNET\\npm-demo\\vidly\\node_modules\\express\\lib\\router\\index.js:47:12)\n    at newFn (E:\\BegASPNET\\npm-demo\\vidly\\node_modules\\express-async-errors\\index.js:25:20)\n    at Layer.handle [as handle_request] (E:\\BegASPNET\\npm-demo\\vidly\\node_modules\\express\\lib\\router\\layer.js:95:5)\n    at trim_prefix (E:\\BegASPNET\\npm-demo\\vidly\\node_modules\\express\\lib\\router\\index.js:317:13)\n    at E:\\BegASPNET\\npm-demo\\vidly\\node_modules\\express\\lib\\router\\index.js:284:7\n    at Function.process_params (E:\\BegASPNET\\npm-demo\\vidly\\node_modules\\express\\lib\\router\\index.js:335:12)\n    at next (E:\\BegASPNET\\npm-demo\\vidly\\node_modules\\express\\lib\\router\\index.js:275:10)\n    at jsonParser (E:\\BegASPNET\\npm-demo\\vidly\\node_modules\\body-parser\\lib\\types\\json.js:109:7)\n    at newFn (E:\\BegASPNET\\npm-demo\\vidly\\node_modules\\express-async-errors\\index.js:25:20)\n    at Layer.handle [as handle_request] (E:\\BegASPNET\\npm-demo\\vidly\\node_modules\\express\\lib\\router\\layer.js:95:5)\n    at trim_prefix (E:\\BegASPNET\\npm-demo\\vidly\\node_modules\\express\\lib\\router\\index.js:317:13)\n    at E:\\BegASPNET\\npm-demo\\vidly\\node_modules\\express\\lib\\router\\index.js:284:7\n    at Function.process_params (E:\\BegASPNET\\npm-demo\\vidly\\node_modules\\express\\lib\\router\\index.js:335:12)\n    at next (E:\\BegASPNET\\npm-demo\\vidly\\node_modules\\express\\lib\\router\\index.js:275:10)\n    at expressInit (E:\\BegASPNET\\npm-demo\\vidly\\node_modules\\express\\lib\\middleware\\init.js:40:5)\n    at newFn (E:\\BegASPNET\\npm-demo\\vidly\\node_modules\\express-async-errors\\index.js:25:20)\n    at Layer.handle [as handle_request] (E:\\BegASPNET\\npm-demo\\vidly\\node_modules\\express\\lib\\router\\layer.js:95:5)\n    at trim_prefix (E:\\BegASPNET\\npm-demo\\vidly\\node_modules\\express\\lib\\router\\index.js:317:13)\n    at E:\\BegASPNET\\npm-demo\\vidly\\node_modules\\express\\lib\\router\\index.js:284:7\n    at Function.process_params (E:\\BegASPNET\\npm-demo\\vidly\\node_modules\\express\\lib\\router\\index.js:335:12)\n    at next (E:\\BegASPNET\\npm-demo\\vidly\\node_modules\\express\\lib\\router\\index.js:275:10)\n    at query (E:\\BegASPNET\\npm-demo\\vidly\\node_modules\\express\\lib\\middleware\\query.js:45:5)\n    at newFn (E:\\BegASPNET\\npm-demo\\vidly\\node_modules\\express-async-errors\\index.js:25:20)\n    at Layer.handle [as handle_request] (E:\\BegASPNET\\npm-demo\\vidly\\node_modules\\express\\lib\\router\\layer.js:95:5)\n    at trim_prefix (E:\\BegASPNET\\npm-demo\\vidly\\node_modules\\express\\lib\\router\\index.js:317:13)\n    at E:\\BegASPNET\\npm-demo\\vidly\\node_modules\\express\\lib\\router\\index.js:284:7\n    at Function.process_params (E:\\BegASPNET\\npm-demo\\vidly\\node_modules\\express\\lib\\router\\index.js:335:12)\n    at next (E:\\BegASPNET\\npm-demo\\vidly\\node_modules\\express\\lib\\router\\index.js:275:10)\n    at Function.handle (E:\\BegASPNET\\npm-demo\\vidly\\node_modules\\express\\lib\\router\\index.js:174:3)\n    at Function.handle (E:\\BegASPNET\\npm-demo\\vidly\\node_modules\\express\\lib\\application.js:174:10)\n    at Server.app (E:\\BegASPNET\\npm-demo\\vidly\\node_modules\\express\\lib\\express.js:39:9)\n    at emitTwo (events.js:126:13)\n    at Server.emit (events.js:214:7)\n    at parserOnIncoming (_http_server.js:619:12)\n    at HTTPParser.parserOnHeadersComplete (_http_common.js:112:17)","level":"error","timestamp":"2018-10-04T13:20:00.585Z"}
{"level":"info","message":"Listening on port: 3000","timestamp":"2018-10-04T13:41:40.982Z"}
{"level":"info","message":"Connected to mongodb://localhost/vidly_tests database successfully","timestamp":"2018-10-04T13:41:42.153Z"}
{"level":"info","message":"Listening on port: 3000","timestamp":"2018-10-04T13:47:25.537Z"}
{"level":"info","message":"Connected to mongodb://localhost/vidly_tests database successfully","timestamp":"2018-10-04T13:47:26.984Z"}
{"level":"info","message":"Listening on port: 3000","timestamp":"2018-10-04T13:52:05.139Z"}
{"level":"info","message":"Connected to mongodb://localhost/vidly_tests database successfully","timestamp":"2018-10-04T13:52:06.308Z"}
{"level":"info","message":"Listening on port: 3000","timestamp":"2018-10-04T13:53:20.368Z"}
{"level":"info","message":"Connected to mongodb://localhost/vidly_tests database successfully","timestamp":"2018-10-04T13:53:21.557Z"}
{"level":"info","message":"Listening on port: 3000","timestamp":"2018-10-04T13:55:36.944Z"}
{"level":"info","message":"Connected to mongodb://localhost/vidly_tests database successfully","timestamp":"2018-10-04T13:55:38.109Z"}
{"level":"info","message":"Listening on port: 3000","timestamp":"2018-10-04T14:00:41.352Z"}
{"level":"info","message":"Listening on port: 3000","timestamp":"2018-10-04T15:17:35.356Z"}
{"level":"info","message":"Listening on port: 3000","timestamp":"2018-10-04T15:19:32.736Z"}
{"level":"info","message":"Connected to mongodb://localhost/vidly_tests database successfully","timestamp":"2018-10-04T15:19:34.070Z"}
{"level":"info","message":"Listening on port: 3000","timestamp":"2018-10-04T15:28:49.982Z"}
{"level":"info","message":"Connected to mongodb://localhost/vidly_tests database successfully","timestamp":"2018-10-04T15:28:51.152Z"}
{"level":"info","message":"Listening on port: 3000","timestamp":"2018-10-04T16:21:47.381Z"}
{"level":"info","message":"Connected to mongodb://localhost/vidly_tests database successfully","timestamp":"2018-10-04T16:21:48.952Z"}
{"level":"info","message":"Listening on port: 3000","timestamp":"2018-10-04T16:25:25.800Z"}
{"level":"info","message":"Connected to mongodb://localhost/vidly_tests database successfully","timestamp":"2018-10-04T16:25:26.989Z"}
{"level":"info","message":"Listening on port: 3000","timestamp":"2018-10-04T20:17:49.796Z"}
{"level":"info","message":"Connected to mongodb://localhost/vidly_tests database successfully","timestamp":"2018-10-04T20:17:51.193Z"}
{"level":"info","message":"Listening on port: 3000","timestamp":"2018-10-04T21:11:42.638Z"}
{"level":"info","message":"Connected to mongodb://localhost/vidly_tests database successfully","timestamp":"2018-10-04T21:11:44.096Z"}
{"level":"info","message":"Listening on port: 3000","timestamp":"2018-10-04T21:15:10.200Z"}
{"level":"info","message":"Connected to mongodb://localhost/vidly_tests database successfully","timestamp":"2018-10-04T21:15:11.390Z"}
{"level":"info","message":"Listening on port: 3000","timestamp":"2018-10-04T21:20:07.232Z"}
{"level":"info","message":"Connected to mongodb://localhost/vidly_tests database successfully","timestamp":"2018-10-04T21:20:08.408Z"}
{"level":"info","message":"Listening on port: 3000","timestamp":"2018-10-04T21:24:28.141Z"}
{"level":"info","message":"Connected to mongodb://localhost/vidly_tests database successfully","timestamp":"2018-10-04T21:24:29.313Z"}
{"level":"info","message":"Connected to mongodb://localhost/vidly_tests database successfully","timestamp":"2018-10-04T21:26:34.135Z"}
{"level":"info","message":"Listening on port: 3000","timestamp":"2018-10-04T21:26:34.186Z"}
{"level":"info","message":"Listening on port: 3000","timestamp":"2018-10-04T21:52:24.947Z"}
{"level":"info","message":"Connected to mongodb://localhost/vidly_tests database successfully","timestamp":"2018-10-04T21:52:26.310Z"}
{"level":"info","message":"Listening on port: 3000","timestamp":"2018-10-04T21:56:38.958Z"}
{"level":"info","message":"Connected to mongodb://localhost/vidly_tests database successfully","timestamp":"2018-10-04T21:56:40.133Z"}
{"level":"info","message":"Listening on port: 3000","timestamp":"2018-10-04T22:08:24.326Z"}
{"level":"info","message":"Connected to mongodb://localhost/vidly_tests database successfully","timestamp":"2018-10-04T22:08:25.513Z"}
{"level":"info","message":"Listening on port: 3000","timestamp":"2018-10-04T22:11:05.897Z"}
{"level":"info","message":"Connected to mongodb://localhost/vidly_tests database successfully","timestamp":"2018-10-04T22:11:07.063Z"}
{"level":"info","message":"Listening on port: 3000","timestamp":"2018-10-04T22:12:18.973Z"}
{"level":"info","message":"Connected to mongodb://localhost/vidly_tests database successfully","timestamp":"2018-10-04T22:12:20.151Z"}
{"level":"info","message":"Listening on port: 3000","timestamp":"2018-10-04T22:12:20.874Z"}
{"level":"info","message":"Connected to mongodb://localhost/vidly_tests database successfully","timestamp":"2018-10-04T22:12:22.003Z"}
{"level":"info","message":"Listening on port: 3000","timestamp":"2018-10-04T22:14:48.079Z"}
{"level":"info","message":"Listening on port: 3000","timestamp":"2018-10-04T22:14:48.841Z"}
{"level":"info","message":"Connected to mongodb://localhost/vidly_tests database successfully","timestamp":"2018-10-04T22:14:49.358Z"}
{"level":"info","message":"Connected to mongodb://localhost/vidly_tests database successfully","timestamp":"2018-10-04T22:14:50.233Z"}
{"level":"info","message":"Listening on port: 3000","timestamp":"2018-10-04T23:09:05.572Z"}
{"level":"info","message":"Listening on port: 3000","timestamp":"2018-10-04T23:09:05.637Z"}
{"level":"info","message":"Connected to mongodb://localhost/vidly_tests database successfully","timestamp":"2018-10-04T23:09:06.762Z"}
{"level":"info","message":"Connected to mongodb://localhost/vidly_tests database successfully","timestamp":"2018-10-04T23:09:06.839Z"}
{"level":"info","message":"Listening on port: 3000","timestamp":"2018-10-04T23:14:10.092Z"}
{"level":"info","message":"Connected to mongodb://localhost/vidly_tests database successfully","timestamp":"2018-10-04T23:14:11.390Z"}
{"level":"info","message":"Listening on port: 3000","timestamp":"2018-10-04T23:14:12.556Z"}
{"level":"info","message":"Connected to mongodb://localhost/vidly_tests database successfully","timestamp":"2018-10-04T23:14:13.763Z"}
{"level":"info","message":"Listening on port: 3000","timestamp":"2018-10-04T23:22:47.869Z"}
{"level":"info","message":"Connected to mongodb://localhost/vidly_tests database successfully","timestamp":"2018-10-04T23:22:49.107Z"}
{"level":"info","message":"Listening on port: 3000","timestamp":"2018-10-04T23:24:25.801Z"}
{"level":"info","message":"Connected to mongodb://localhost/vidly_tests database successfully","timestamp":"2018-10-04T23:24:27.066Z"}
{"level":"info","message":"Listening on port: 3000","timestamp":"2018-10-04T23:24:27.146Z"}
{"level":"info","message":"Connected to mongodb://localhost/vidly_tests database successfully","timestamp":"2018-10-04T23:24:28.508Z"}
{"level":"info","message":"Listening on port: 3000","timestamp":"2018-10-04T23:27:10.939Z"}
{"level":"info","message":"Connected to mongodb://localhost/vidly_tests database successfully","timestamp":"2018-10-04T23:27:12.208Z"}
{"level":"info","message":"Listening on port: 3000","timestamp":"2018-10-04T23:29:13.884Z"}
{"level":"info","message":"Connected to mongodb://localhost/vidly_tests database successfully","timestamp":"2018-10-04T23:29:15.094Z"}
{"level":"info","message":"Listening on port: 3000","timestamp":"2018-10-04T23:29:16.839Z"}
{"level":"info","message":"Connected to mongodb://localhost/vidly_tests database successfully","timestamp":"2018-10-04T23:29:18.002Z"}
{"message":"Cast to ObjectId failed for value \"1\" at path \"_id\" for model \"Genre\"","stack":"CastError: Cast to ObjectId failed for value \"1\" at path \"_id\" for model \"Genre\"\n    at new CastError (E:\\BegASPNET\\npm-demo\\vidly\\node_modules\\mongoose\\lib\\error\\cast.js:27:11)\n    at ObjectId.Object.<anonymous>.ObjectId.cast (E:\\BegASPNET\\npm-demo\\vidly\\node_modules\\mongoose\\lib\\schema\\objectid.js:158:13)\n    at ObjectId.Object.<anonymous>.SchemaType.applySetters (E:\\BegASPNET\\npm-demo\\vidly\\node_modules\\mongoose\\lib\\schematype.js:701:12)\n    at ObjectId.Object.<anonymous>.SchemaType._castForQuery (E:\\BegASPNET\\npm-demo\\vidly\\node_modules\\mongoose\\lib\\schematype.js:1072:15)\n    at ObjectId.Object.<anonymous>.ObjectId.castForQuery (E:\\BegASPNET\\npm-demo\\vidly\\node_modules\\mongoose\\lib\\schema\\objectid.js:198:15)\n    at ObjectId.Object.<anonymous>.SchemaType.castForQueryWrapper (E:\\BegASPNET\\npm-demo\\vidly\\node_modules\\mongoose\\lib\\schematype.js:1041:15)\n    at cast (E:\\BegASPNET\\npm-demo\\vidly\\node_modules\\mongoose\\lib\\cast.js:269:32)\n    at model.Query.Object.<anonymous>.Query.cast (E:\\BegASPNET\\npm-demo\\vidly\\node_modules\\mongoose\\lib\\query.js:3130:12)\n    at model.Query.Object.<anonymous>.Query._castConditions (E:\\BegASPNET\\npm-demo\\vidly\\node_modules\\mongoose\\lib\\query.js:1266:10)\n    at model.Query.Object.<anonymous>.Query._findOneAndUpdate (E:\\BegASPNET\\npm-demo\\vidly\\node_modules\\mongoose\\lib\\query.js:2143:8)\n    at E:\\BegASPNET\\npm-demo\\vidly\\node_modules\\kareem\\index.js:276:8\n    at E:\\BegASPNET\\npm-demo\\vidly\\node_modules\\kareem\\index.js:23:7\n    at _combinedTickCallback (internal/process/next_tick.js:131:7)\n    at process._tickCallback (internal/process/next_tick.js:180:9)","name":"CastError","stringValue":"\"1\"","kind":"ObjectId","value":"1","path":"_id","level":"error","timestamp":"2018-10-04T23:29:20.281Z"}
{"message":"Cast to ObjectId failed for value \"1\" at path \"_id\" for model \"Genre\"","stack":"CastError: Cast to ObjectId failed for value \"1\" at path \"_id\" for model \"Genre\"\n    at new CastError (E:\\BegASPNET\\npm-demo\\vidly\\node_modules\\mongoose\\lib\\error\\cast.js:27:11)\n    at ObjectId.Object.<anonymous>.ObjectId.cast (E:\\BegASPNET\\npm-demo\\vidly\\node_modules\\mongoose\\lib\\schema\\objectid.js:158:13)\n    at ObjectId.Object.<anonymous>.SchemaType.applySetters (E:\\BegASPNET\\npm-demo\\vidly\\node_modules\\mongoose\\lib\\schematype.js:701:12)\n    at ObjectId.Object.<anonymous>.SchemaType._castForQuery (E:\\BegASPNET\\npm-demo\\vidly\\node_modules\\mongoose\\lib\\schematype.js:1072:15)\n    at ObjectId.Object.<anonymous>.ObjectId.castForQuery (E:\\BegASPNET\\npm-demo\\vidly\\node_modules\\mongoose\\lib\\schema\\objectid.js:198:15)\n    at ObjectId.Object.<anonymous>.SchemaType.castForQueryWrapper (E:\\BegASPNET\\npm-demo\\vidly\\node_modules\\mongoose\\lib\\schematype.js:1041:15)\n    at cast (E:\\BegASPNET\\npm-demo\\vidly\\node_modules\\mongoose\\lib\\cast.js:269:32)\n    at model.Query.Object.<anonymous>.Query.cast (E:\\BegASPNET\\npm-demo\\vidly\\node_modules\\mongoose\\lib\\query.js:3130:12)\n    at model.Query.Object.<anonymous>.Query._castConditions (E:\\BegASPNET\\npm-demo\\vidly\\node_modules\\mongoose\\lib\\query.js:1266:10)\n    at model.Query.Object.<anonymous>.Query._findOneAndRemove (E:\\BegASPNET\\npm-demo\\vidly\\node_modules\\mongoose\\lib\\query.js:2238:8)\n    at E:\\BegASPNET\\npm-demo\\vidly\\node_modules\\kareem\\index.js:276:8\n    at E:\\BegASPNET\\npm-demo\\vidly\\node_modules\\kareem\\index.js:23:7\n    at _combinedTickCallback (internal/process/next_tick.js:131:7)\n    at process._tickCallback (internal/process/next_tick.js:180:9)","name":"CastError","stringValue":"\"1\"","kind":"ObjectId","value":"1","path":"_id","level":"error","timestamp":"2018-10-04T23:29:20.848Z"}
{"level":"info","message":"Listening on port: 3000","timestamp":"2018-10-04T23:34:10.665Z"}
{"level":"info","message":"Listening on port: 3000","timestamp":"2018-10-04T23:34:10.895Z"}
{"level":"info","message":"Connected to mongodb://localhost/vidly_tests database successfully","timestamp":"2018-10-04T23:34:11.942Z"}
{"level":"info","message":"Connected to mongodb://localhost/vidly_tests database successfully","timestamp":"2018-10-04T23:34:12.208Z"}
{"level":"info","message":"Listening on port: 3000","timestamp":"2018-10-04T23:36:13.788Z"}
{"level":"info","message":"Listening on port: 3000","timestamp":"2018-10-04T23:36:13.931Z"}
{"level":"info","message":"Connected to mongodb://localhost/vidly_tests database successfully","timestamp":"2018-10-04T23:36:15.013Z"}
{"level":"info","message":"Connected to mongodb://localhost/vidly_tests database successfully","timestamp":"2018-10-04T23:36:15.179Z"}
{"level":"info","message":"Listening on port: 3000","timestamp":"2018-10-04T23:38:49.424Z"}
{"level":"info","message":"Connected to mongodb://localhost/vidly_tests database successfully","timestamp":"2018-10-04T23:38:50.685Z"}
{"level":"info","message":"Listening on port: 3000","timestamp":"2018-10-04T23:38:51.451Z"}
{"level":"info","message":"Connected to mongodb://localhost/vidly_tests database successfully","timestamp":"2018-10-04T23:38:52.728Z"}
{"level":"info","message":"Listening on port: 3000","timestamp":"2018-10-04T23:40:21.851Z"}
{"level":"info","message":"Listening on port: 3000","timestamp":"2018-10-04T23:40:22.292Z"}
{"level":"info","message":"Connected to mongodb://localhost/vidly_tests database successfully","timestamp":"2018-10-04T23:40:23.133Z"}
{"level":"info","message":"Connected to mongodb://localhost/vidly_tests database successfully","timestamp":"2018-10-04T23:40:23.582Z"}
{"level":"info","message":"Listening on port: 3000","timestamp":"2018-10-04T23:43:02.928Z"}
{"level":"info","message":"Listening on port: 3000","timestamp":"2018-10-04T23:43:03.015Z"}
{"level":"info","message":"Connected to mongodb://localhost/vidly_tests database successfully","timestamp":"2018-10-04T23:43:04.192Z"}
{"level":"info","message":"Connected to mongodb://localhost/vidly_tests database successfully","timestamp":"2018-10-04T23:43:04.388Z"}
{"level":"info","message":"Listening on port: 3000","timestamp":"2018-10-04T23:45:32.683Z"}
{"level":"info","message":"Listening on port: 3000","timestamp":"2018-10-04T23:45:33.082Z"}
{"level":"info","message":"Connected to mongodb://localhost/vidly_tests database successfully","timestamp":"2018-10-04T23:45:33.994Z"}
{"level":"info","message":"Connected to mongodb://localhost/vidly_tests database successfully","timestamp":"2018-10-04T23:45:34.366Z"}
{"level":"info","message":"Listening on port: 3000","timestamp":"2018-10-04T23:49:58.366Z"}
{"level":"info","message":"Connected to mongodb://localhost/vidly_tests database successfully","timestamp":"2018-10-04T23:49:59.509Z"}
{"level":"info","message":"Listening on port: 3000","timestamp":"2018-10-04T23:50:00.089Z"}
{"level":"info","message":"Connected to mongodb://localhost/vidly_tests database successfully","timestamp":"2018-10-04T23:50:01.245Z"}
{"level":"info","message":"Listening on port: 3000","timestamp":"2018-10-05T02:46:35.653Z"}
{"level":"info","message":"Listening on port: 3000","timestamp":"2018-10-05T02:46:35.743Z"}
{"level":"info","message":"Connected to mongodb://localhost/vidly_tests database successfully","timestamp":"2018-10-05T02:46:36.781Z"}
{"level":"info","message":"Connected to mongodb://localhost/vidly_tests database successfully","timestamp":"2018-10-05T02:46:36.947Z"}
{"level":"info","message":"Listening on port: 3000","timestamp":"2018-10-05T02:58:08.319Z"}
{"level":"info","message":"Listening on port: 3000","timestamp":"2018-10-05T02:58:08.553Z"}
{"level":"info","message":"Connected to mongodb://localhost/vidly_tests database successfully","timestamp":"2018-10-05T02:58:09.709Z"}
{"level":"info","message":"Connected to mongodb://localhost/vidly_tests database successfully","timestamp":"2018-10-05T02:58:09.931Z"}
{"level":"info","message":"Listening on port: 3000","timestamp":"2018-10-05T03:36:13.724Z"}
{"level":"info","message":"Listening on port: 3000","timestamp":"2018-10-05T03:36:13.530Z"}
{"level":"info","message":"Connected to mongodb://localhost/vidly_tests database successfully","timestamp":"2018-10-05T03:36:14.690Z"}
{"level":"info","message":"Connected to mongodb://localhost/vidly_tests database successfully","timestamp":"2018-10-05T03:36:15.085Z"}
{"level":"info","message":"Listening on port: 3000","timestamp":"2018-10-05T04:03:08.538Z"}
{"level":"info","message":"Connected to mongodb://localhost/vidly_tests database successfully","timestamp":"2018-10-05T04:03:09.969Z"}
{"level":"info","message":"Listening on port: 3000","timestamp":"2018-10-05T04:03:10.088Z"}
{"level":"info","message":"Connected to mongodb://localhost/vidly_tests database successfully","timestamp":"2018-10-05T04:03:11.307Z"}
{"level":"info","message":"Listening on port: 3000","timestamp":"2018-10-05T18:34:22.192Z"}
{"level":"info","message":"Listening on port: 3000","timestamp":"2018-10-05T18:34:22.148Z"}
{"level":"info","message":"Listening on port: 3000","timestamp":"2018-10-05T18:36:40.946Z"}
{"level":"info","message":"Connected to mongodb://localhost/vidly_tests database successfully","timestamp":"2018-10-05T18:36:42.296Z"}
{"level":"info","message":"Listening on port: 3000","timestamp":"2018-10-05T18:37:33.403Z"}
{"level":"info","message":"Connected to mongodb://localhost/vidly_tests database successfully","timestamp":"2018-10-05T18:37:34.693Z"}
{"level":"info","message":"Listening on port: 3000","timestamp":"2018-10-05T18:41:14.754Z"}
{"level":"info","message":"Connected to mongodb://localhost/vidly_tests database successfully","timestamp":"2018-10-05T18:41:15.976Z"}
{"level":"info","message":"Listening on port: 3000","timestamp":"2018-10-05T20:00:07.798Z"}
{"level":"info","message":"Connected to mongodb://localhost/vidly_tests database successfully","timestamp":"2018-10-05T20:00:08.917Z"}
{"level":"info","message":"Listening on port: 3000","timestamp":"2018-10-05T20:02:18.350Z"}
{"level":"info","message":"Connected to mongodb://localhost/vidly_tests database successfully","timestamp":"2018-10-05T20:02:19.548Z"}
{"level":"info","message":"Listening on port: 3000","timestamp":"2018-10-05T20:05:04.404Z"}
{"level":"info","message":"Listening on port: 3000","timestamp":"2018-10-05T20:05:04.705Z"}
{"level":"info","message":"Connected to mongodb://localhost/vidly_tests database successfully","timestamp":"2018-10-05T20:05:05.660Z"}
{"level":"info","message":"Connected to mongodb://localhost/vidly_tests database successfully","timestamp":"2018-10-05T20:05:05.962Z"}
{"level":"info","message":"Listening on port: 3000","timestamp":"2018-10-05T20:48:37.166Z"}
{"level":"info","message":"Listening on port: 3000","timestamp":"2018-10-05T20:48:37.113Z"}
{"level":"info","message":"Connected to mongodb://localhost/vidly_tests database successfully","timestamp":"2018-10-05T20:48:38.278Z"}
{"level":"info","message":"Connected to mongodb://localhost/vidly_tests database successfully","timestamp":"2018-10-05T20:48:38.439Z"}
{"level":"info","message":"Listening on port: 3000","timestamp":"2018-10-05T20:50:14.668Z"}
{"level":"info","message":"Connected to mongodb://localhost/vidly_tests database successfully","timestamp":"2018-10-05T20:50:15.943Z"}
{"level":"info","message":"Listening on port: 3000","timestamp":"2018-10-05T20:50:16.734Z"}
{"level":"info","message":"Connected to mongodb://localhost/vidly_tests database successfully","timestamp":"2018-10-05T20:50:17.874Z"}
{"level":"info","message":"Listening on port: 3000","timestamp":"2018-10-05T20:51:30.101Z"}
{"level":"info","message":"Listening on port: 3000","timestamp":"2018-10-05T20:51:30.010Z"}
{"level":"info","message":"Connected to mongodb://localhost/vidly_tests database successfully","timestamp":"2018-10-05T20:51:31.454Z"}
{"level":"info","message":"Connected to mongodb://localhost/vidly_tests database successfully","timestamp":"2018-10-05T20:51:31.572Z"}
{"level":"info","message":"Listening on port: 3000","timestamp":"2018-10-05T20:53:19.885Z"}
{"level":"info","message":"Listening on port: 3000","timestamp":"2018-10-05T20:53:20.032Z"}
{"level":"info","message":"Connected to mongodb://localhost/vidly_tests database successfully","timestamp":"2018-10-05T20:53:21.299Z"}
{"level":"info","message":"Connected to mongodb://localhost/vidly_tests database successfully","timestamp":"2018-10-05T20:53:21.321Z"}
{"level":"info","message":"Listening on port: 3000","timestamp":"2018-10-05T20:57:44.695Z"}
{"level":"info","message":"Listening on port: 3000","timestamp":"2018-10-05T20:57:44.651Z"}
{"level":"info","message":"Connected to mongodb://localhost/vidly_tests database successfully","timestamp":"2018-10-05T20:57:45.986Z"}
{"level":"info","message":"Connected to mongodb://localhost/vidly_tests database successfully","timestamp":"2018-10-05T20:57:46.105Z"}
{"level":"info","message":"Listening on port: 3000","timestamp":"2018-10-05T20:59:01.288Z"}
{"level":"info","message":"Connected to mongodb://localhost/vidly_tests database successfully","timestamp":"2018-10-05T20:59:02.443Z"}
{"level":"info","message":"Listening on port: 3000","timestamp":"2018-10-05T21:01:32.996Z"}
{"level":"info","message":"Connected to mongodb://localhost/vidly_tests database successfully","timestamp":"2018-10-05T21:01:34.287Z"}
{"level":"info","message":"Listening on port: 3000","timestamp":"2018-10-05T21:01:34.528Z"}
{"level":"info","message":"Connected to mongodb://localhost/vidly_tests database successfully","timestamp":"2018-10-05T21:01:35.849Z"}
{"level":"info","message":"Listening on port: 3000","timestamp":"2018-10-05T21:04:11.454Z"}
{"level":"info","message":"Listening on port: 3000","timestamp":"2018-10-05T21:04:11.773Z"}
{"level":"info","message":"Connected to mongodb://localhost/vidly_tests database successfully","timestamp":"2018-10-05T21:04:12.694Z"}
{"level":"info","message":"Connected to mongodb://localhost/vidly_tests database successfully","timestamp":"2018-10-05T21:04:13.132Z"}
{"level":"info","message":"Listening on port: 3000","timestamp":"2018-10-05T22:30:15.273Z"}
{"level":"info","message":"Connected to mongodb://localhost/vidly_tests database successfully","timestamp":"2018-10-05T22:30:16.684Z"}
{"level":"info","message":"Listening on port: 3000","timestamp":"2018-10-05T22:38:10.815Z"}
{"level":"info","message":"Connected to mongodb://localhost/vidly_tests database successfully","timestamp":"2018-10-05T22:38:11.994Z"}
{"level":"info","message":"Listening on port: 3000","timestamp":"2018-10-05T23:53:03.339Z"}
{"level":"info","message":"Connected to mongodb://localhost/vidly_tests database successfully","timestamp":"2018-10-05T23:53:04.778Z"}
{"level":"info","message":"Listening on port: 3000","timestamp":"2018-10-05T23:55:30.631Z"}
{"level":"info","message":"Connected to mongodb://localhost/vidly_tests database successfully","timestamp":"2018-10-05T23:55:31.818Z"}
{"level":"info","message":"Listening on port: 3000","timestamp":"2018-10-06T00:55:43.394Z"}
{"level":"info","message":"Connected to mongodb://localhost/vidly_tests database successfully","timestamp":"2018-10-06T00:55:45.073Z"}
{"level":"info","message":"Listening on port: 3000","timestamp":"2018-10-06T01:05:25.991Z"}
{"level":"info","message":"Connected to mongodb://localhost/vidly_tests database successfully","timestamp":"2018-10-06T01:05:27.186Z"}
{"level":"info","message":"Listening on port: 3000","timestamp":"2018-10-06T01:14:08.846Z"}
{"level":"info","message":"Connected to mongodb://localhost/vidly_tests database successfully","timestamp":"2018-10-06T01:14:10.027Z"}
{"level":"info","message":"Listening on port: 3000","timestamp":"2018-10-06T01:18:24.730Z"}
{"level":"info","message":"Connected to mongodb://localhost/vidly_tests database successfully","timestamp":"2018-10-06T01:18:25.915Z"}
{"level":"info","message":"Listening on port: 3000","timestamp":"2018-10-06T01:27:06.398Z"}
{"level":"info","message":"Connected to mongodb://localhost/vidly_tests database successfully","timestamp":"2018-10-06T01:27:07.602Z"}
{"level":"info","message":"Listening on port: 3000","timestamp":"2018-10-06T01:34:06.739Z"}
{"level":"info","message":"Connected to mongodb://localhost/vidly_tests database successfully","timestamp":"2018-10-06T01:34:07.933Z"}
{"level":"info","message":"Listening on port: 3000","timestamp":"2018-10-06T01:39:54.729Z"}
{"level":"info","message":"Connected to mongodb://localhost/vidly_tests database successfully","timestamp":"2018-10-06T01:39:55.912Z"}
{"level":"info","message":"Listening on port: 3000","timestamp":"2018-10-06T01:41:38.706Z"}
{"level":"info","message":"Connected to mongodb://localhost/vidly_tests database successfully","timestamp":"2018-10-06T01:41:39.892Z"}
{"level":"info","message":"Listening on port: 3000","timestamp":"2018-10-06T01:43:53.062Z"}
{"level":"info","message":"Connected to mongodb://localhost/vidly_tests database successfully","timestamp":"2018-10-06T01:43:54.288Z"}
{"level":"info","message":"Connected to mongodb://localhost/vidly_tests database successfully","timestamp":"2018-10-06T13:44:45.555Z"}
{"level":"info","message":"Connected to mongodb://localhost/vidly_tests database successfully","timestamp":"2018-10-06T13:48:18.648Z"}
{"level":"info","message":"Connected to mongodb://localhost/vidly_tests database successfully","timestamp":"2018-10-06T13:52:26.792Z"}
{"level":"info","message":"Connected to mongodb://localhost/vidly_tests database successfully","timestamp":"2018-10-06T13:54:03.256Z"}
{"level":"info","message":"Connected to mongodb://localhost/vidly_tests database successfully","timestamp":"2018-10-06T13:57:20.406Z"}
{"level":"info","message":"Connected to mongodb://localhost/vidly_tests database successfully","timestamp":"2018-10-06T14:00:12.813Z"}
{"level":"info","message":"Connected to mongodb://localhost/vidly_tests database successfully","timestamp":"2018-10-06T15:47:38.774Z"}
{"level":"info","message":"Listening on port: 3000","timestamp":"2018-10-06T18:48:30.790Z"}
{"level":"info","message":"Connected to mongodb://localhost/vidly_tests database successfully","timestamp":"2018-10-06T18:48:32.140Z"}
{"level":"info","message":"Listening on port: 3000","timestamp":"2018-10-06T22:02:27.823Z"}
{"level":"info","message":"Connected to mongodb://localhost/vidly_tests database successfully","timestamp":"2018-10-06T22:02:28.997Z"}
{"level":"info","message":"Listening on port: 3000","timestamp":"2018-10-06T23:40:10.609Z"}
{"level":"info","message":"Connected to mongodb://localhost/vidly_tests database successfully","timestamp":"2018-10-06T23:40:11.789Z"}
{"level":"error","timestamp":"2018-10-06T23:40:12.913Z"}
{"level":"error","timestamp":"2018-10-06T23:40:13.047Z"}
{"level":"info","message":"Listening on port: 3000","timestamp":"2018-10-06T23:55:31.342Z"}
{"level":"info","message":"Connected to mongodb://localhost/vidly_tests database successfully","timestamp":"2018-10-06T23:55:32.525Z"}
{"level":"error","timestamp":"2018-10-06T23:55:33.639Z"}
{"level":"error","timestamp":"2018-10-06T23:55:33.731Z"}
{"level":"info","message":"Listening on port: 3000","timestamp":"2018-10-07T01:41:46.383Z"}
{"level":"info","message":"Connected to mongodb://localhost/vidly_tests database successfully","timestamp":"2018-10-07T01:41:47.554Z"}
{"level":"info","message":"Listening on port: 3000","timestamp":"2018-10-07T01:52:55.046Z"}
{"level":"info","message":"Connected to mongodb://localhost/vidly_tests database successfully","timestamp":"2018-10-07T01:52:56.263Z"}
{"level":"info","message":"Listening on port: 3000","timestamp":"2018-10-07T02:12:02.593Z"}
{"level":"info","message":"Connected to mongodb://localhost/vidly_tests database successfully","timestamp":"2018-10-07T02:12:03.778Z"}
{"level":"info","message":"Listening on port: 3000","timestamp":"2018-10-07T02:15:14.436Z"}
{"level":"info","message":"Connected to mongodb://localhost/vidly_tests database successfully","timestamp":"2018-10-07T02:15:15.597Z"}
{"level":"info","message":"Listening on port: 3000","timestamp":"2018-10-07T02:30:26.068Z"}
{"level":"info","message":"Connected to mongodb://localhost/vidly_tests database successfully","timestamp":"2018-10-07T02:30:27.286Z"}
{"level":"info","message":"Listening on port: 3000","timestamp":"2018-10-07T02:57:07.609Z"}
{"level":"info","message":"Connected to mongodb://localhost/vidly_tests database successfully","timestamp":"2018-10-07T02:57:08.771Z"}
{"level":"info","message":"Listening on port: 3000","timestamp":"2018-10-07T03:12:36.430Z"}
{"level":"info","message":"Connected to mongodb://localhost/vidly_tests database successfully","timestamp":"2018-10-07T03:12:37.609Z"}
{"level":"info","message":"Listening on port: 3000","timestamp":"2018-10-07T03:20:23.431Z"}
{"level":"info","message":"Connected to mongodb://localhost/vidly_tests database successfully","timestamp":"2018-10-07T03:20:24.673Z"}
{"level":"info","message":"Listening on port: 3000","timestamp":"2018-10-07T15:34:30.632Z"}
{"level":"info","message":"Connected to mongodb://localhost/vidly_tests database successfully","timestamp":"2018-10-07T15:34:32.030Z"}
{"level":"info","message":"Listening on port: 3000","timestamp":"2018-10-07T19:27:38.387Z"}
{"level":"info","message":"Connected to mongodb://localhost/vidly_tests database successfully","timestamp":"2018-10-07T19:27:39.822Z"}
{"level":"info","message":"Listening on port: 3000","timestamp":"2018-10-07T19:48:38.414Z"}
{"level":"info","message":"Connected to mongodb://localhost/vidly_tests database successfully","timestamp":"2018-10-07T19:48:39.871Z"}
{"level":"info","message":"Listening on port: 3000","timestamp":"2018-10-07T19:50:11.494Z"}
{"level":"info","message":"Connected to mongodb://localhost/vidly_tests database successfully","timestamp":"2018-10-07T19:50:12.734Z"}
{"level":"info","message":"Listening on port: 3000","timestamp":"2018-10-07T19:54:43.490Z"}
{"level":"info","message":"Connected to mongodb://localhost/vidly_tests database successfully","timestamp":"2018-10-07T19:54:44.739Z"}
{"message":"Cannot read property '_id' of null","stack":"TypeError: Cannot read property '_id' of null\n    at _id (E:\\BegASPNET\\npm-demo\\vidly\\routes\\returns.js:15:28)\n    at <anonymous>","level":"error","timestamp":"2018-10-07T19:54:46.086Z"}
{"level":"info","message":"Listening on port: 3000","timestamp":"2018-10-07T20:12:08.501Z"}
{"level":"info","message":"Connected to mongodb://localhost/vidly_tests database successfully","timestamp":"2018-10-07T20:12:09.732Z"}
{"level":"info","message":"Listening on port: 3000","timestamp":"2018-10-07T20:41:07.512Z"}
{"level":"info","message":"Connected to mongodb://localhost/vidly_tests database successfully","timestamp":"2018-10-07T20:41:08.828Z"}
{"level":"info","message":"Listening on port: 3000","timestamp":"2018-10-07T20:46:18.144Z"}
{"level":"info","message":"Connected to mongodb://localhost/vidly_tests database successfully","timestamp":"2018-10-07T20:46:19.360Z"}
{"level":"info","message":"Listening on port: 3000","timestamp":"2018-10-07T20:47:53.669Z"}
{"level":"info","message":"Connected to mongodb://localhost/vidly_tests database successfully","timestamp":"2018-10-07T20:47:54.888Z"}
{"level":"info","message":"Listening on port: 3000","timestamp":"2018-10-08T01:59:23.795Z"}
{"level":"info","message":"Connected to mongodb://localhost/vidly_tests database successfully","timestamp":"2018-10-08T01:59:25.009Z"}
{"level":"info","message":"Listening on port: 3000","timestamp":"2018-10-08T02:02:41.025Z"}
{"level":"info","message":"Connected to mongodb://localhost/vidly_tests database successfully","timestamp":"2018-10-08T02:02:42.263Z"}
{"level":"info","message":"Listening on port: 3000","timestamp":"2018-10-08T02:06:44.608Z"}
{"level":"info","message":"Connected to mongodb://localhost/vidly_tests database successfully","timestamp":"2018-10-08T02:06:45.816Z"}
{"level":"info","message":"Listening on port: 3000","timestamp":"2018-10-08T02:10:37.298Z"}
{"level":"info","message":"Connected to mongodb://localhost/vidly_tests database successfully","timestamp":"2018-10-08T02:10:38.534Z"}
{"message":"numberInStock is not defined","stack":"ReferenceError: numberInStock is not defined\n    at numberInStock (E:\\BegASPNET\\npm-demo\\vidly\\routes\\returns.js:22:66)\n    at <anonymous>","level":"error","timestamp":"2018-10-08T02:10:40.361Z"}
{"message":"numberInStock is not defined","stack":"ReferenceError: numberInStock is not defined\n    at numberInStock (E:\\BegASPNET\\npm-demo\\vidly\\routes\\returns.js:22:66)\n    at <anonymous>","level":"error","timestamp":"2018-10-08T02:10:40.505Z"}
{"message":"numberInStock is not defined","stack":"ReferenceError: numberInStock is not defined\n    at numberInStock (E:\\BegASPNET\\npm-demo\\vidly\\routes\\returns.js:22:66)\n    at <anonymous>","level":"error","timestamp":"2018-10-08T02:10:40.663Z"}
{"message":"numberInStock is not defined","stack":"ReferenceError: numberInStock is not defined\n    at numberInStock (E:\\BegASPNET\\npm-demo\\vidly\\routes\\returns.js:22:66)\n    at <anonymous>","level":"error","timestamp":"2018-10-08T02:10:40.790Z"}
{"level":"info","message":"Listening on port: 3000","timestamp":"2018-10-08T02:12:53.256Z"}
{"level":"info","message":"Connected to mongodb://localhost/vidly_tests database successfully","timestamp":"2018-10-08T02:12:54.634Z"}
{"level":"info","message":"Listening on port: 3000","timestamp":"2018-10-08T02:34:51.895Z"}
{"level":"info","message":"Connected to mongodb://localhost/vidly_tests database successfully","timestamp":"2018-10-08T02:34:53.123Z"}
{"level":"info","message":"Listening on port: 3000","timestamp":"2018-10-08T02:48:21.894Z"}
{"level":"info","message":"Connected to mongodb://localhost/vidly_tests database successfully","timestamp":"2018-10-08T02:48:23.084Z"}
{"level":"info","message":"Listening on port: 3000","timestamp":"2018-10-08T02:56:45.477Z"}
{"level":"info","message":"Connected to mongodb://localhost/vidly_tests database successfully","timestamp":"2018-10-08T02:56:46.730Z"}
{"level":"info","message":"Listening on port: 3000","timestamp":"2018-10-08T02:58:47.468Z"}
{"level":"info","message":"Connected to mongodb://localhost/vidly_tests database successfully","timestamp":"2018-10-08T02:58:48.694Z"}
{"level":"info","message":"Listening on port: 3000","timestamp":"2018-10-08T15:17:00.363Z"}
{"level":"info","message":"Connected to mongodb://localhost/vidly_tests database successfully","timestamp":"2018-10-08T15:17:01.690Z"}
{"level":"info","message":"Listening on port: 3000","timestamp":"2018-10-08T15:33:00.507Z"}
{"level":"info","message":"Connected to mongodb://localhost/vidly_tests database successfully","timestamp":"2018-10-08T15:33:01.717Z"}
{"level":"info","message":"Listening on port: 3000","timestamp":"2018-10-08T15:36:17.313Z"}
{"level":"info","message":"Connected to mongodb://localhost/vidly_tests database successfully","timestamp":"2018-10-08T15:36:18.511Z"}
{"level":"info","message":"Listening on port: 3000","timestamp":"2018-10-08T15:44:24.484Z"}
{"level":"info","message":"Connected to mongodb://localhost/vidly_tests database successfully","timestamp":"2018-10-08T15:44:25.674Z"}
{"level":"info","message":"Listening on port: 3000","timestamp":"2018-10-08T16:09:52.141Z"}
{"level":"info","message":"Connected to mongodb://localhost/vidly_tests database successfully","timestamp":"2018-10-08T16:09:53.384Z"}
{"level":"info","message":"Listening on port: 3000","timestamp":"2018-10-08T16:27:20.281Z"}
{"level":"info","message":"Connected to mongodb://localhost/vidly_tests database successfully","timestamp":"2018-10-08T16:27:21.549Z"}
{"level":"info","message":"Listening on port: 3000","timestamp":"2018-10-08T16:37:04.291Z"}
{"level":"info","message":"Connected to mongodb://localhost/vidly_tests database successfully","timestamp":"2018-10-08T16:37:05.471Z"}
{"level":"info","message":"Listening on port: 3000","timestamp":"2018-10-08T16:42:26.238Z"}
{"level":"info","message":"Connected to mongodb://localhost/vidly_tests database successfully","timestamp":"2018-10-08T16:42:27.431Z"}
{"level":"info","message":"Listening on port: 3000","timestamp":"2018-10-08T16:54:28.133Z"}
{"level":"info","message":"Connected to mongodb://localhost/vidly_tests database successfully","timestamp":"2018-10-08T16:54:29.333Z"}
{"level":"info","message":"Listening on port: 3000","timestamp":"2019-02-18T20:02:39.570Z"}
{"level":"info","message":"Listening on port: 3000","timestamp":"2019-02-18T21:41:31.278Z"}
{"level":"info","message":"Connected to mongodb://localhost/vidly database successfully","timestamp":"2019-02-18T21:41:32.310Z"}
